<?xml version="1.0" encoding="UTF-8"?>
<!-- Generated by org.testng.reporters.JUnitReportReporter -->
<testsuite hostname="Roshans-MacBook-Air.local" failures="0" tests="1" name="Testcategory.TestExamples" time="2.272" errors="0" timestamp="2024-03-22T19:43:45 IST" skipped="0">
  <testcase classname="Testcategory.TestExamples" name="test_Get" time="2.272"/>
</testsuite> <!-- Testcategory.TestExamples -->
